\BOOKMARK [1][-]{section.0}{\376\377\000T\000A\000B\000L\000E\000\040\000O\000F\000\040\000C\000O\000N\000T\000E\000N\000T\000S}{}% 1
\BOOKMARK [2][-]{subsection.0.1}{\376\377\000I\000N\000T\000R\000O\000D\000U\000C\000T\000I\000O\000N\000/\000O\000V\000E\000R\000V\000I\000E\000W\000\040\000[\0001\000]}{section.0}% 2
\BOOKMARK [3][-]{subsubsection.0.1.1}{\376\377\000S\000T\000O\000R\000Y\000\040\000S\000U\000M\000M\000A\000R\000I\000S\000E\000D\000\040\000[\0001\000.\0001\000]}{subsection.0.1}% 3
\BOOKMARK [3][-]{subsubsection.0.1.2}{\376\377\000F\000E\000A\000T\000U\000R\000E\000S\000\040\000T\000H\000A\000T\000\040\000M\000A\000K\000E\000\040\000T\000H\000E\000\040\000G\000A\000M\000E\000\040\000C\000O\000M\000P\000E\000L\000L\000I\000N\000G\000\040\000A\000N\000D\000\040\000U\000N\000I\000Q\000U\000E\000\040\000[\0001\000.\0002\000]}{subsection.0.1}% 4
\BOOKMARK [2][-]{subsection.0.2}{\376\377\000G\000A\000M\000E\000\040\000M\000E\000C\000H\000A\000N\000I\000C\000S\000\040\000[\0002\000]}{section.0}% 5
\BOOKMARK [2][-]{subsection.0.3}{\376\377\000G\000A\000M\000E\000\040\000M\000E\000C\000H\000A\000N\000I\000C\000S\000\040\000-\000\040\000S\000U\000M\000M\000A\000R\000Y\000\040\000[\0003\000]}{section.0}% 6
\BOOKMARK [2][-]{subsection.0.4}{\376\377\000G\000A\000M\000E\000\040\000A\000I\000\040\000[\0004\000]}{section.0}% 7
\BOOKMARK [3][-]{subsubsection.0.4.1}{\376\377\000P\000A\000S\000S\000I\000V\000E\000\040\000A\000I\000\040\000[\0004\000.\0001\000]}{subsection.0.4}% 8
\BOOKMARK [3][-]{subsubsection.0.4.2}{\376\377\000A\000G\000G\000R\000E\000S\000S\000I\000V\000E\000\040\000A\000I\000\040\000[\0004\000.\0002\000]}{subsection.0.4}% 9
\BOOKMARK [2][-]{subsection.0.5}{\376\377\000G\000A\000M\000E\000\040\000E\000L\000E\000M\000E\000N\000T\000S\000:\000\040\000C\000H\000A\000R\000A\000C\000T\000E\000R\000S\000,\000\040\000I\000T\000E\000M\000S\000,\000\040\000O\000B\000J\000E\000C\000T\000S\000/\000M\000E\000C\000H\000A\000N\000I\000S\000M\000S\000\040\000[\0005\000]}{section.0}% 10
\BOOKMARK [2][-]{subsection.0.6}{\376\377\000S\000T\000O\000R\000Y\000\040\000O\000V\000E\000R\000V\000I\000E\000W\000\040\000[\0006\000]}{section.0}% 11
\BOOKMARK [2][-]{subsection.0.7}{\376\377\000G\000A\000M\000E\000\040\000P\000R\000O\000G\000R\000E\000S\000S\000I\000O\000N\000\040\000[\0007\000]}{section.0}% 12
\BOOKMARK [2][-]{subsection.0.8}{\376\377\000S\000Y\000S\000T\000E\000M\000\040\000M\000E\000N\000U\000S\000\040\000[\0008\000]}{section.0}% 13
\BOOKMARK [1][-]{section.1}{\376\377\000I\000N\000T\000R\000O\000D\000U\000C\000T\000I\000O\000N\000/\000O\000V\000E\000R\000V\000I\000E\000W\000\040}{}% 14
\BOOKMARK [2][-]{subsection.1.1}{\376\377\000S\000T\000O\000R\000Y\000\040\000S\000U\000M\000M\000A\000R\000I\000S\000E\000D\000\040}{section.1}% 15
\BOOKMARK [2][-]{subsection.1.2}{\376\377\000F\000E\000A\000T\000U\000R\000E\000S\000\040\000T\000H\000A\000T\000\040\000M\000A\000K\000E\000\040\000T\000H\000E\000\040\000G\000A\000M\000E\000\040\000C\000O\000M\000P\000E\000L\000L\000I\000N\000G\000\040\000A\000N\000D\000\040\000U\000N\000I\000Q\000U\000E\000\040}{section.1}% 16
\BOOKMARK [1][-]{section.2}{\376\377\000G\000A\000M\000E\000\040\000M\000E\000C\000H\000A\000N\000I\000C\000S\000\040}{}% 17
\BOOKMARK [1][-]{section.3}{\376\377\000G\000A\000M\000E\000\040\000M\000E\000C\000H\000A\000N\000I\000C\000S\000\040\000-\000\040\000S\000U\000M\000M\000A\000R\000Y\000\040}{}% 18
\BOOKMARK [1][-]{section.4}{\376\377\000G\000A\000M\000E\000\040\000A\000I\000\040}{}% 19
\BOOKMARK [2][-]{subsection.4.1}{\376\377\000P\000A\000S\000S\000I\000V\000E\000\040\000A\000I\000\040}{section.4}% 20
\BOOKMARK [2][-]{subsection.4.2}{\376\377\000A\000G\000G\000R\000E\000S\000S\000I\000V\000E\000\040\000A\000I\000\040}{section.4}% 21
\BOOKMARK [1][-]{section.5}{\376\377\000G\000A\000M\000E\000\040\000E\000L\000E\000M\000E\000N\000T\000S\000:\000\040\000C\000H\000A\000R\000A\000C\000T\000E\000R\000S\000,\000\040\000I\000T\000E\000M\000S\000,\000\040\000O\000B\000J\000E\000C\000T\000S\000/\000M\000E\000C\000H\000A\000N\000I\000S\000M\000S\000\040}{}% 22
\BOOKMARK [1][-]{section.6}{\376\377\000S\000T\000O\000R\000Y\000\040\000O\000V\000E\000R\000V\000I\000E\000W\000\040}{}% 23
\BOOKMARK [1][-]{section.7}{\376\377\000G\000A\000M\000E\000\040\000P\000R\000O\000G\000R\000E\000S\000S\000I\000O\000N\000\040}{}% 24
\BOOKMARK [1][-]{section.8}{\376\377\000S\000Y\000S\000T\000E\000M\000\040\000M\000E\000N\000U\000S\000\040}{}% 25
